<?xml version="1.0" encoding="UTF-8"?>
<robot generator="Robot 4.1 (Python 3.9.6 on darwin)" generated="20210824 15:02:00.883" rpa="false" schemaversion="2">
<suite id="s1" name="Test Click Link" source="/Users/Pub/Desktop/automation/test2/test_click_link.robot">
<test id="s1-t1" name="Click_link3_Test">
<kw name="Open web">
<arg>gc</arg>
<kw name="Open Browser" library="SeleniumLibrary">
<arg>${URL_web}</arg>
<arg>${Browser}</arg>
<doc>Opens a new browser instance to the optional ``url``.</doc>
<msg timestamp="20210824 15:02:01.181" level="INFO">Opening browser 'gc' to base url 'https://www.google.com/'.</msg>
<status status="PASS" starttime="20210824 15:02:01.180" endtime="20210824 15:02:09.614"/>
</kw>
<kw name="Maximize Browser Window" library="SeleniumLibrary">
<doc>Maximizes current browser window.</doc>
<status status="PASS" starttime="20210824 15:02:09.615" endtime="20210824 15:02:09.770"/>
</kw>
<kw name="Sleep" library="BuiltIn">
<arg>1</arg>
<doc>Pauses the test executed for the given time.</doc>
<msg timestamp="20210824 15:02:10.771" level="INFO">Slept 1 second</msg>
<status status="PASS" starttime="20210824 15:02:09.770" endtime="20210824 15:02:10.771"/>
</kw>
<status status="PASS" starttime="20210824 15:02:01.180" endtime="20210824 15:02:10.771"/>
</kw>
<kw name="Search_Text">
<arg>robot framework</arg>
<kw name="Input Text" library="SeleniumLibrary">
<arg>${Text_box}</arg>
<arg>${Text_Searh}</arg>
<doc>Types the given ``text`` into the text field identified by ``locator``.</doc>
<msg timestamp="20210824 15:02:10.774" level="INFO">Typing text 'robot framework' into text field 'name=q'.</msg>
<status status="PASS" starttime="20210824 15:02:10.773" endtime="20210824 15:02:10.974"/>
</kw>
<kw name="Wait Until Page Contains" library="SeleniumLibrary">
<arg>${Text_Searh}</arg>
<doc>Waits until ``text`` appears on the current page.</doc>
<status status="PASS" starttime="20210824 15:02:10.974" endtime="20210824 15:02:11.498"/>
</kw>
<kw name="Click Button" library="SeleniumLibrary">
<arg>${Search_botton}</arg>
<doc>Clicks the button identified by ``locator``.</doc>
<msg timestamp="20210824 15:02:11.499" level="INFO">Clicking button 'name=btnK'.</msg>
<status status="PASS" starttime="20210824 15:02:11.498" endtime="20210824 15:02:19.156"/>
</kw>
<kw name="Wait Until Page Contains" library="SeleniumLibrary">
<arg>${Text_Searh}</arg>
<doc>Waits until ``text`` appears on the current page.</doc>
<status status="PASS" starttime="20210824 15:02:19.156" endtime="20210824 15:02:19.184"/>
</kw>
<status status="PASS" starttime="20210824 15:02:10.772" endtime="20210824 15:02:19.184"/>
</kw>
<kw name="Verify Text">
<arg>robot framework</arg>
<kw name="Page Should Contain" library="SeleniumLibrary">
<arg>${Text_Searh}</arg>
<doc>Verifies that current page contains ``text``.</doc>
<msg timestamp="20210824 15:02:19.203" level="INFO">Current page contains text 'robot framework'.</msg>
<status status="PASS" starttime="20210824 15:02:19.186" endtime="20210824 15:02:19.203"/>
</kw>
<status status="PASS" starttime="20210824 15:02:19.184" endtime="20210824 15:02:19.204"/>
</kw>
<kw name="Click link">
<arg>//*[@id="rso"]/div[4]/div/div/div[1]/a/h3</arg>
<kw name="Click Element" library="SeleniumLibrary">
<arg>${link_robot}</arg>
<doc>Click the element identified by ``locator``.</doc>
<msg timestamp="20210824 15:02:19.205" level="INFO">Clicking element '//*[@id="rso"]/div[4]/div/div/div[1]/a/h3'.</msg>
<status status="PASS" starttime="20210824 15:02:19.204" endtime="20210824 15:02:28.210"/>
</kw>
<kw name="Wait Until Page Does Not Contain Element" library="SeleniumLibrary">
<arg>${link_robot}</arg>
<doc>Waits until the element ``locator`` disappears from the current page.</doc>
<status status="PASS" starttime="20210824 15:02:28.210" endtime="20210824 15:02:28.223"/>
</kw>
<kw name="Page Should Not Contain Element" library="SeleniumLibrary">
<arg>${link_robot}</arg>
<doc>Verifies that element ``locator`` is not found on the current page.</doc>
<msg timestamp="20210824 15:02:28.232" level="INFO">Current page does not contain element '//*[@id="rso"]/div[4]/div/div/div[1]/a/h3'.</msg>
<status status="PASS" starttime="20210824 15:02:28.224" endtime="20210824 15:02:28.232"/>
</kw>
<status status="PASS" starttime="20210824 15:02:19.204" endtime="20210824 15:02:28.233"/>
</kw>
<kw name="Close Browser" library="SeleniumLibrary" type="TEARDOWN">
<doc>Closes the current browser.</doc>
<status status="PASS" starttime="20210824 15:02:28.233" endtime="20210824 15:02:28.391"/>
</kw>
<status status="PASS" starttime="20210824 15:02:01.179" endtime="20210824 15:02:28.391"/>
</test>
<status status="PASS" starttime="20210824 15:02:00.885" endtime="20210824 15:02:28.393"/>
</suite>
<statistics>
<total>
<stat pass="1" fail="0" skip="0">All Tests</stat>
</total>
<tag>
</tag>
<suite>
<stat pass="1" fail="0" skip="0" id="s1" name="Test Click Link">Test Click Link</stat>
</suite>
</statistics>
<errors>
</errors>
</robot>
