<?xml version="1.0" encoding="UTF-8"?>
<robot generator="Robot 4.1 (Python 3.9.7 on win32)" generated="20210901 16:21:26.850" rpa="false" schemaversion="2">
<suite id="s1" name="getOTPnumberdtac" source="c:\Users\I_Love_Arcadia\Desktop\automtion\test2\Getotp\Testsuitegetotp\getOTPnumberdtac.robot">
<test id="s1-t1" name="get OTP number">
<kw name="Open web dtac" library="createdkeywordopenwebdtac">
<arg>gc</arg>
<kw name="Open Browser" library="SeleniumLibrary">
<arg>https://www.dtac.co.th/mydtac/login.html</arg>
<arg>${browser}</arg>
<doc>Opens a new browser instance to the optional ``url``.</doc>
<msg timestamp="20210901 16:21:27.399" level="INFO">Opening browser 'gc' to base url 'https://www.dtac.co.th/mydtac/login.html'.</msg>
<status status="PASS" starttime="20210901 16:21:27.399" endtime="20210901 16:21:30.523"/>
</kw>
<kw name="Maximize Browser Window" library="SeleniumLibrary">
<doc>Maximizes current browser window.</doc>
<status status="PASS" starttime="20210901 16:21:30.523" endtime="20210901 16:21:30.874"/>
</kw>
<kw name="Wait Until Page Contains Element" library="SeleniumLibrary">
<arg>${txt_phonenumber}</arg>
<doc>Waits until the element ``locator`` appears on the current page.</doc>
<status status="PASS" starttime="20210901 16:21:30.882" endtime="20210901 16:21:30.970"/>
</kw>
<status status="PASS" starttime="20210901 16:21:27.399" endtime="20210901 16:21:30.970"/>
</kw>
<kw name="Input Phonenumber" library="createdkeywordopenwebdtac">
<kw name="Input Text" library="SeleniumLibrary">
<arg>${txt_phonenumber}</arg>
<arg>0626478886</arg>
<doc>Types the given ``text`` into the text field identified by ``locator``.</doc>
<msg timestamp="20210901 16:21:30.970" level="INFO">Typing text '0626478886' into text field 'id=esv20_login_telnumb'.</msg>
<status status="PASS" starttime="20210901 16:21:30.970" endtime="20210901 16:21:31.282"/>
</kw>
<status status="PASS" starttime="20210901 16:21:30.970" endtime="20210901 16:21:31.282"/>
</kw>
<kw name="Click login" library="createdkeywordopenwebdtac">
<kw name="Wait Until Page Contains Element" library="SeleniumLibrary">
<arg>${btn_next}</arg>
<doc>Waits until the element ``locator`` appears on the current page.</doc>
<status status="PASS" starttime="20210901 16:21:31.282" endtime="20210901 16:21:31.306"/>
</kw>
<kw name="Click Element" library="SeleniumLibrary">
<arg>${btn_next}</arg>
<doc>Click the element identified by ``locator``.</doc>
<msg timestamp="20210901 16:21:31.306" level="INFO">Clicking element 'id=esv20_login_mydtac'.</msg>
<status status="PASS" starttime="20210901 16:21:31.306" endtime="20210901 16:21:31.474"/>
</kw>
<status status="PASS" starttime="20210901 16:21:31.282" endtime="20210901 16:21:31.474"/>
</kw>
<kw name="open app mood" library="createdkeywordopenappmood">
<kw name="Open Application" library="AppiumLibrary">
<arg>http://localhost:4723/wd/hub</arg>
<arg>platformName=Android</arg>
<arg>deviceName=21f36218c20b7ece</arg>
<arg>platformVersion=10</arg>
<arg>appActivity=com.calea.echo.LaunchActivity</arg>
<arg>appPackage=com.calea.echo</arg>
<arg>automationName=UiAutomator2</arg>
<arg>noReset=true</arg>
<doc>Opens a new application to given Appium server.
Capabilities of appium server, Android and iOS,
Please check https://github.com/appium/appium/blob/master/docs/en/writing-running-appium/server-args.md
| *Option*            | *Man.* | *Description*     |
| remote_url          | Yes    | Appium server url |
| alias               | no     | alias             |</doc>
<status status="PASS" starttime="20210901 16:21:31.474" endtime="20210901 16:21:48.563"/>
</kw>
<status status="PASS" starttime="20210901 16:21:31.474" endtime="20210901 16:21:48.563"/>
</kw>
<kw name="get otp" library="createdkeywordopenappmood">
<kw name="Tap" library="AppiumLibrary">
<arg>${lbl_accoutdtacmassage}</arg>
<doc>Tap element identified by ``locator``. </doc>
<status status="PASS" starttime="20210901 16:21:48.563" endtime="20210901 16:21:51.466"/>
</kw>
<kw name="Wait Until Page Contains Element" library="AppiumLibrary">
<arg>${txt_massageotp}</arg>
<arg>10s</arg>
<doc>Waits until element specified with `locator` appears on current page.</doc>
<status status="PASS" starttime="20210901 16:21:51.466" endtime="20210901 16:21:51.664"/>
</kw>
<kw name="Capture Page Screenshot" library="AppiumLibrary">
<arg>OTPIMAGE</arg>
<doc>Takes a screenshot of the current page and embeds it into the log.</doc>
<msg timestamp="20210901 16:21:52.186" level="INFO" html="true">&lt;/td&gt;&lt;/tr&gt;&lt;tr&gt;&lt;td colspan="3"&gt;&lt;a href="OTPIMAGE"&gt;&lt;img src="OTPIMAGE" width="800px"&gt;&lt;/a&gt;</msg>
<msg timestamp="20210901 16:21:52.186" level="INFO">C:\Users\I_Love_Arcadia\AppData\Local\Programs\Python\Python39\lib\site-packages\selenium\webdriver\remote\webdriver.py:1030: UserWarning: name used for saved screenshot does not match file type. It should end with a `.png` extension
  warnings.warn("name used for saved screenshot does not match file "</msg>
<status status="PASS" starttime="20210901 16:21:51.664" endtime="20210901 16:21:52.186"/>
</kw>
<kw name="Get Text" library="AppiumLibrary">
<var>${text_OTP}</var>
<arg>${txt_massageotp}</arg>
<doc>Get element text (for hybrid and mobile browser use `xpath` locator, others might cause problem)</doc>
<msg timestamp="20210901 16:21:52.392" level="INFO">Element 'xpath=/hierarchy/android.widget.FrameLayout/android.widget.LinearLayout/android.widget.FrameLayout/android.widget.FrameLayout/android.widget.FrameLayout/android.widget.FrameLayout/android.widget.FrameLayout[5]/android.widget.FrameLayout/android.widget.RelativeLayout/android.widget.FrameLayout[3]/android.view.ViewGroup/androidx.recyclerview.widget.RecyclerView/android.widget.FrameLayout[7]/android.widget.FrameLayout/android.widget.LinearLayout/android.widget.FrameLayout/android.widget.FrameLayout/android.widget.LinearLayout/android.widget.TextView' text is 'รหัสOTP=  4289 ห้ามบอกรหัสนี้กับใคร ระวังมิจฉาชีพหลอกถามขอข้อมูล  รหัสผ่านของคุณมีอายุ 15 นาที' </msg>
<msg timestamp="20210901 16:21:52.396" level="INFO">${text_OTP} = รหัสOTP=  4289 ห้ามบอกรหัสนี้กับใคร ระวังมิจฉาชีพหลอกถามขอข้อมูล  รหัสผ่านของคุณมีอายุ 15 นาที</msg>
<status status="PASS" starttime="20210901 16:21:52.186" endtime="20210901 16:21:52.396"/>
</kw>
<kw name="Get Regexp Matches" library="String">
<var>${TextNumber_OTP}</var>
<arg>${text_OTP}</arg>
<arg>([0-9]{4})</arg>
<doc>Returns a list of all non-overlapping matches in the given string.</doc>
<msg timestamp="20210901 16:21:52.396" level="INFO">${TextNumber_OTP} = ['4289']</msg>
<status status="PASS" starttime="20210901 16:21:52.396" endtime="20210901 16:21:52.396"/>
</kw>
<kw name="Set Test Variable" library="BuiltIn">
<arg>${TextNumber_OTP}</arg>
<arg>${TextNumber_OTP}</arg>
<doc>Makes a variable available everywhere within the scope of the current test.</doc>
<msg timestamp="20210901 16:21:52.396" level="INFO">${TextNumber_OTP} = ['4289']</msg>
<status status="PASS" starttime="20210901 16:21:52.396" endtime="20210901 16:21:52.396"/>
</kw>
<status status="PASS" starttime="20210901 16:21:48.563" endtime="20210901 16:21:52.396"/>
</kw>
<kw name="Input OTP number" library="createdkeywordopenwebdtac">
<kw name="Wait Until Page Contains Element" library="SeleniumLibrary">
<arg>${txt_otpweb}</arg>
<doc>Waits until the element ``locator`` appears on the current page.</doc>
<status status="PASS" starttime="20210901 16:21:52.396" endtime="20210901 16:21:52.424"/>
</kw>
<kw name="Input Text" library="SeleniumLibrary">
<arg>${txt_otpweb}</arg>
<arg>${TextNumber_OTP}</arg>
<doc>Types the given ``text`` into the text field identified by ``locator``.</doc>
<msg timestamp="20210901 16:21:52.428" level="INFO">Typing text '['4289']' into text field 'id=esv20_mydtac_otp_s1'.</msg>
<status status="PASS" starttime="20210901 16:21:52.424" endtime="20210901 16:21:52.559"/>
</kw>
<status status="PASS" starttime="20210901 16:21:52.396" endtime="20210901 16:21:52.559"/>
</kw>
<kw name="Verify Page login" library="createdkeywordopenwebdtac">
<kw name="Wait Until Page Contains Element" library="SeleniumLibrary">
<arg>${lbl_usagesummary}</arg>
<arg>10s</arg>
<doc>Waits until the element ``locator`` appears on the current page.</doc>
<status status="PASS" starttime="20210901 16:21:52.559" endtime="20210901 16:21:59.569"/>
</kw>
<kw name="Page Should Contain Element" library="SeleniumLibrary">
<arg>${lbl_usagesummary}</arg>
<arg>10s</arg>
<doc>Verifies that element ``locator`` is found on the current page.</doc>
<msg timestamp="20210901 16:21:59.578" level="INFO">Current page contains element 'xpath=//*[@id="nv_smenu_dt_usageSummary"]'.</msg>
<status status="PASS" starttime="20210901 16:21:59.569" endtime="20210901 16:21:59.578"/>
</kw>
<kw name="Capture Page Screenshot" library="SeleniumLibrary">
<arg>PROFILEIMAGE</arg>
<doc>Takes a screenshot of the current page and embeds it into a log file.</doc>
<msg timestamp="20210901 16:22:00.157" level="INFO" html="true">&lt;/td&gt;&lt;/tr&gt;&lt;tr&gt;&lt;td colspan="3"&gt;&lt;a href="PROFILEIMAGE"&gt;&lt;img src="PROFILEIMAGE" width="800px"&gt;&lt;/a&gt;</msg>
<status status="PASS" starttime="20210901 16:21:59.578" endtime="20210901 16:22:00.157"/>
</kw>
<status status="PASS" starttime="20210901 16:21:52.559" endtime="20210901 16:22:00.157"/>
</kw>
<status status="PASS" starttime="20210901 16:21:27.399" endtime="20210901 16:22:00.157"/>
</test>
<status status="PASS" starttime="20210901 16:21:26.850" endtime="20210901 16:22:00.157"/>
</suite>
<statistics>
<total>
<stat pass="1" fail="0" skip="0">All Tests</stat>
</total>
<tag>
</tag>
<suite>
<stat pass="1" fail="0" skip="0" id="s1" name="getOTPnumberdtac">getOTPnumberdtac</stat>
</suite>
</statistics>
<errors>
</errors>
</robot>
